<?xml version="1.0" encoding="utf-8"?><testsuites name="pytest tests"><testsuite name="pytest" errors="0" failures="0" skipped="0" tests="21" time="3.969" timestamp="2026-08-21T11:18:34.452276+00:00" hostname="agent-env-4b4511c5-c44f-4f1a-aa5f-66b8a2d4cdf1"><testcase classname="tests.test_iteration3.TestAdminTargets" name="test_sp_forbidden" time="0.681" /><testcase classname="tests.test_iteration3.TestSchemeClaims" name="test_sp_forbidden" time="0.980" /><testcase classname="tests.test_iteration3.TestAdminTargets" name="test_list_returns_all_salespersons" time="0.601" /><testcase classname="tests.test_iteration3.TestSchemeClaims" name="test_list_enriched" time="0.371" /><testcase classname="tests.test_iteration3.TestAdminTargets" name="test_upsert_target_and_reflect" time="0.672" /><testcase classname="tests.test_iteration3.TestSchemeClaims" name="test_status_filter" time="0.113" /><testcase classname="tests.test_iteration3.TestSchemeClaims" name="test_fulfil_and_double_fulfil" time="0.475" /><testcase classname="tests.test_iteration3.TestAttendanceReport" name="test_sp_forbidden" time="0.072" /><testcase classname="tests.test_iteration3.TestAdminTargets" name="test_invalid_period" time="0.387" /><testcase classname="tests.test_iteration3.TestAttendanceReport" name="test_default_current_month" time="0.455" /><testcase classname="tests.test_iteration3.TestAdminTargets" name="test_negative_value" time="0.160" /><testcase classname="tests.test_iteration3.TestAttendanceReport" name="test_explicit_month" time="0.098" /><testcase classname="tests.test_iteration3.TestAdminTargets" name="test_unknown_salesperson" time="0.075" /><testcase classname="tests.test_iteration3.TestAttendanceReport" name="test_bad_month_format" time="0.317" /><testcase classname="tests.test_iteration3.TestOrderStatus" name="test_invalid_status" time="0.468" /><testcase classname="tests.test_iteration3.TestPerformance" name="test_shape_and_values" time="0.080" /><testcase classname="tests.test_iteration3.TestPerformance" name="test_reflects_new_monthly_target" time="0.470" /><testcase classname="tests.test_iteration3.TestOrderStatus" name="test_sp_forbidden" time="0.158" /><testcase classname="tests.test_iteration3.TestOrderStatus" name="test_flow_submitted_to_dispatched_to_delivered" time="0.292" /><testcase classname="tests.test_iteration3.TestDistributor" name="test_sp_forbidden" time="0.120" /><testcase classname="tests.test_iteration3.TestDistributor" name="test_dashboard_counts" time="0.092" /></testsuite></testsuites>