<?xml version="1.0" encoding="utf-8"?><testsuites name="pytest tests"><testsuite name="pytest" errors="0" failures="0" skipped="0" tests="20" time="6.700" timestamp="2026-08-21T11:41:35.331100+00:00" hostname="agent-env-4b4511c5-c44f-4f1a-aa5f-66b8a2d4cdf1"><testcase classname="tests.test_iteration4_security.TestLoginAllRoles" name="test_login_role[EMP001-admin@123-super_admin]" time="0.501" /><testcase classname="tests.test_iteration4_security.TestLoginAllRoles" name="test_login_role[EMP002-manager@123-sales_manager]" time="0.303" /><testcase classname="tests.test_iteration4_security.TestCollections" name="test_reject_amount_zero" time="0.828" /><testcase classname="tests.test_iteration4_security.TestLoginAllRoles" name="test_login_role[EMP003-sales@123-salesperson]" time="0.312" /><testcase classname="tests.test_iteration4_security.TestCollections" name="test_reject_amount_negative" time="0.095" /><testcase classname="tests.test_iteration4_security.TestCollections" name="test_reject_amount_over_limit" time="0.095" /><testcase classname="tests.test_iteration4_security.TestLoginAllRoles" name="test_login_role[EMP004-dist@123-distributor]" time="0.337" /><testcase classname="tests.test_iteration4_security.TestCollections" name="test_reject_distributor" time="0.363" /><testcase classname="tests.test_iteration4_security.TestOrderBOLA" name="test_emp3_can_fetch_own_order" time="0.677" /><testcase classname="tests.test_iteration4_security.TestCollections" name="test_reject_cross_salesperson" time="0.700" /><testcase classname="tests.test_iteration4_security.TestCollections" name="test_accept_valid_and_outstanding_decreases" time="0.222" /><testcase classname="tests.test_iteration4_security.TestCollections" name="test_list_collections_distributor_403" time="0.070" /><testcase classname="tests.test_iteration4_security.TestCollections" name="test_list_collections_sp_scoped" time="0.174" /><testcase classname="tests.test_iteration4_security.TestCollections" name="test_list_collections_admin_all" time="0.082" /><testcase classname="tests.test_iteration4_security.TestFileDownload" name="test_owner_can_download_other_salesperson_403_admin_ok" time="1.535" /><testcase classname="tests.test_iteration4_security.TestOrderBOLA" name="test_emp3_cannot_fetch_emp5_order" time="1.456" /><testcase classname="tests.test_iteration4_security.TestRetailerSearch" name="test_retailer_search_regex_escape" time="0.103" /><testcase classname="tests.test_iteration4_security.TestRetailerSearch" name="test_retailer_search_special_chars_no_500" time="0.308" /><testcase classname="tests.test_iteration4_security.TestSeedRemoved" name="test_seed_endpoint_404" time="0.073" /><testcase classname="tests.test_iteration4_security.TestZZZBruteForce" name="test_5_fails_then_429" time="1.641" /></testsuite></testsuites>