<?xml version="1.0" encoding="utf-8"?><testsuites name="pytest tests"><testsuite name="pytest" errors="0" failures="0" skipped="0" tests="36" time="8.446" timestamp="2026-08-21T08:22:34.082893+00:00" hostname="agent-env-4b4511c5-c44f-4f1a-aa5f-66b8a2d4cdf1"><testcase classname="tests.test_iteration2.TestExpenses" name="test_create_expense" time="3.793" /><testcase classname="tests.test_iteration2.TestAdminUsers" name="test_list_no_password_hash" time="3.984" /><testcase classname="tests.test_iteration2.TestExpenses" name="test_zero_amount_rejected" time="0.244" /><testcase classname="tests.test_iteration2.TestAdminUsers" name="test_create_new_user_login" time="0.673" /><testcase classname="tests.test_iteration2.TestExpenses" name="test_list_status_filter" time="0.621" /><testcase classname="tests.test_iteration2.TestAdminUsers" name="test_duplicate_id" time="0.070" /><testcase classname="tests.test_iteration2.TestExpenses" name="test_salesperson_cannot_review" time="0.067" /><testcase classname="tests.test_iteration2.TestExpenses" name="test_invalid_status_400" time="0.091" /><testcase classname="tests.test_iteration2.TestAdminUsers" name="test_invalid_role" time="0.084" /><testcase classname="tests.test_iteration2.TestAdminUsers" name="test_short_password" time="0.277" /><testcase classname="tests.test_iteration2.TestExpenses" name="test_manager_can_approve" time="0.644" /><testcase classname="tests.test_iteration2.TestAdminUsers" name="test_update_name_and_password_reset" time="0.573" /><testcase classname="tests.test_iteration2.TestExpenses" name="test_admin_can_reject" time="0.201" /><testcase classname="tests.test_iteration2.TestAdminUsers" name="test_deactivate_blocks_login" time="0.342" /><testcase classname="tests.test_iteration2.TestAttendance" name="test_start_and_get_today" time="0.345" /><testcase classname="tests.test_iteration2.TestAttendance" name="test_duplicate_start_rejected" time="0.256" /><testcase classname="tests.test_iteration2.TestAdminUsers" name="test_salesperson_forbidden" time="0.344" /><testcase classname="tests.test_iteration2.TestAttendance" name="test_end_computes_duration" time="0.070" /><testcase classname="tests.test_iteration2.TestAttendance" name="test_end_again_rejected" time="0.073" /><testcase classname="tests.test_iteration2.TestComplaints" name="test_create_requires_valid_retailer" time="0.066" /><testcase classname="tests.test_iteration2.TestAttendance" name="test_admin_sees_all_attendance" time="0.067" /><testcase classname="tests.test_iteration2.TestComplaints" name="test_create_ok" time="0.211" /><testcase classname="tests.test_iteration2.TestAttendance" name="test_salesperson_sees_own_only" time="0.153" /><testcase classname="tests.test_iteration2.TestComplaints" name="test_status_filter" time="0.083" /><testcase classname="tests.test_iteration2.TestAdminProducts" name="test_list" time="0.081" /><testcase classname="tests.test_iteration2.TestComplaints" name="test_sp_forbidden_review" time="0.100" /><testcase classname="tests.test_iteration2.TestAdminProducts" name="test_create" time="0.083" /><testcase classname="tests.test_iteration2.TestAdminProducts" name="test_duplicate_sku" time="0.080" /><testcase classname="tests.test_iteration2.TestComplaints" name="test_in_progress_then_resolved" time="0.159" /><testcase classname="tests.test_iteration2.TestAdminProducts" name="test_update_rate_and_toggle" time="0.268" /><testcase classname="tests.test_iteration2.TestOfflineIdempotency" name="test_order_same_client_id" time="0.530" /><testcase classname="tests.test_iteration2.TestAdminProducts" name="test_salesperson_forbidden" time="0.067" /><testcase classname="tests.test_iteration2.TestAdminOverview" name="test_overview_ranges" time="0.315" /><testcase classname="tests.test_iteration2.TestOfflineIdempotency" name="test_visit_start_same_client_id_and_client_time" time="0.258" /><testcase classname="tests.test_iteration2.TestAdminOverview" name="test_salesperson_forbidden" time="0.089" /><testcase classname="tests.test_iteration2.TestOfflineIdempotency" name="test_visit_complete_client_time" time="0.305" /></testsuite></testsuites>