<?xml version="1.0" encoding="utf-8"?><testsuites name="pytest tests"><testsuite name="pytest" errors="0" failures="0" skipped="0" tests="32" time="7.232" timestamp="2026-08-25T07:36:19.382644+00:00" hostname="agent-env-4b4511c5-c44f-4f1a-aa5f-66b8a2d4cdf1"><testcase classname="tests.test_iteration5_masterdata.TestTargets" name="test_targets_shape" time="0.581" /><testcase classname="tests.test_iteration5_masterdata.TestTargets" name="test_legacy_salesperson_targets_intact" time="0.245" /><testcase classname="tests.test_iteration5_masterdata.TestRetailerAdmin" name="test_update_and_persistence" time="1.200" /><testcase classname="tests.test_iteration5_masterdata.TestTargets" name="test_performance_regression_emp003" time="0.433" /><testcase classname="tests.test_iteration5_masterdata.TestRetailerAdmin" name="test_invalid_status" time="0.193" /><testcase classname="tests.test_iteration5_masterdata.TestTargets" name="test_set_distributor_target" time="0.230" /><testcase classname="tests.test_iteration5_masterdata.TestRetailerAdmin" name="test_duplicate_mobile" time="0.356" /><testcase classname="tests.test_iteration5_masterdata.TestTargets" name="test_set_territory_target" time="0.169" /><testcase classname="tests.test_iteration5_masterdata.TestTargets" name="test_unknown_territory_404" time="0.075" /><testcase classname="tests.test_iteration5_masterdata.TestSchemes" name="test_list_shape" time="0.076" /><testcase classname="tests.test_iteration5_masterdata.TestRetailerAdmin" name="test_unknown_id_404" time="0.117" /><testcase classname="tests.test_iteration5_masterdata.TestSchemes" name="test_create_validation" time="0.276" /><testcase classname="tests.test_iteration5_masterdata.TestRetailerAdmin" name="test_salesperson_forbidden" time="0.095" /><testcase classname="tests.test_iteration5_masterdata.TestBrands" name="test_admin_list_brands" time="0.076" /><testcase classname="tests.test_iteration5_masterdata.TestBrands" name="test_salesperson_forbidden" time="0.077" /><testcase classname="tests.test_iteration5_masterdata.TestSchemes" name="test_create_and_scheme_calculate" time="2.496" /><testcase classname="tests.test_iteration5_masterdata.TestBrands" name="test_active_brands_endpoint" time="0.115" /><testcase classname="tests.test_iteration5_masterdata.TestBrands" name="test_create_duplicate_and_rename_cascade" time="2.604" /><testcase classname="tests.test_iteration5_masterdata.TestSchemes" name="test_expired_scheme_not_applied" time="0.473" /><testcase classname="tests.test_iteration5_masterdata.TestSettings" name="test_get_settings_any_user" time="0.164" /><testcase classname="tests.test_iteration5_masterdata.TestSettings" name="test_update_and_restore" time="0.279" /><testcase classname="tests.test_iteration5_masterdata.TestSchemes" name="test_territory_scoped_scheme" time="0.401" /><testcase classname="tests.test_iteration5_masterdata.TestSettings" name="test_empty_list_400" time="0.083" /><testcase classname="tests.test_iteration5_masterdata.TestSettings" name="test_salesperson_forbidden_put" time="0.072" /><testcase classname="tests.test_iteration5_masterdata.TestBeats" name="test_list_has_enrichment" time="0.072" /><testcase classname="tests.test_iteration5_masterdata.TestTerritories" name="test_list_has_counts" time="0.074" /><testcase classname="tests.test_iteration5_masterdata.TestTerritories" name="test_salesperson_forbidden" time="0.130" /><testcase classname="tests.test_iteration5_masterdata.TestBeats" name="test_create_dup_and_invalid_day" time="0.710" /><testcase classname="tests.test_iteration5_masterdata.TestTerritories" name="test_create_dup_and_rename_cascade" time="0.569" /><testcase classname="tests.test_iteration5_masterdata.TestUsersExtended" name="test_create_salesperson_with_manager" time="0.481" /><testcase classname="tests.test_iteration5_masterdata.TestProductsExtended" name="test_update_gst_and_image" time="0.536" /><testcase classname="tests.test_iteration5_masterdata.TestUsersExtended" name="test_update_distributor_assigned_salespersons" time="0.167" /></testsuite></testsuites>