<?xml version="1.0" encoding="utf-8"?><testsuites name="pytest tests"><testsuite name="pytest" errors="0" failures="0" skipped="0" tests="16" time="3.073" timestamp="2026-08-21T07:48:59.414145+00:00" hostname="agent-env-4b4511c5-c44f-4f1a-aa5f-66b8a2d4cdf1"><testcase classname="tests.backend_test.TestAuth" name="test_login_success" time="0.306" /><testcase classname="tests.backend_test.TestAuth" name="test_login_invalid" time="0.395" /><testcase classname="tests.backend_test.TestRetailers" name="test_list_own_retailers" time="0.976" /><testcase classname="tests.backend_test.TestAuth" name="test_me_with_token" time="0.363" /><testcase classname="tests.backend_test.TestRetailers" name="test_retailer_detail" time="0.208" /><testcase classname="tests.backend_test.TestAuth" name="test_me_without_token" time="0.092" /><testcase classname="tests.backend_test.TestCatalog" name="test_products" time="0.086" /><testcase classname="tests.backend_test.TestRetailers" name="test_create_and_duplicate" time="0.309" /><testcase classname="tests.backend_test.TestCatalog" name="test_brands" time="0.071" /><testcase classname="tests.backend_test.TestDashboard" name="test_salesperson_dashboard" time="0.102" /><testcase classname="tests.backend_test.TestSchemes" name="test_dhamal_scheme" time="0.367" /><testcase classname="tests.backend_test.TestVisits" name="test_start_and_complete" time="0.264" /><testcase classname="tests.backend_test.TestRoleIsolation" name="test_emp003_cannot_see_emp005_retailers" time="0.555" /><testcase classname="tests.backend_test.TestRoleIsolation" name="test_order_isolation" time="0.373" /><testcase classname="tests.backend_test.TestOrders" name="test_create_order_with_scheme" time="0.401" /><testcase classname="tests.backend_test.TestCollections" name="test_collection_reduces_outstanding" time="0.300" /></testsuite></testsuites>