<?xml version="1.0" encoding="utf-8"?><testsuites name="pytest tests"><testsuite name="pytest" errors="0" failures="0" skipped="0" tests="125" time="19.868" timestamp="2026-08-25T07:37:27.073487+00:00" hostname="agent-env-4b4511c5-c44f-4f1a-aa5f-66b8a2d4cdf1"><testcase classname="tests.test_iteration2.TestAdminUsers" name="test_list_no_password_hash" time="0.610" /><testcase classname="tests.test_iteration4_security.TestCollections" name="test_reject_amount_zero" time="0.682" /><testcase classname="tests.test_iteration2.TestAdminUsers" name="test_create_new_user_login" time="0.669" /><testcase classname="tests.test_iteration4_security.TestCollections" name="test_reject_amount_negative" time="0.295" /><testcase classname="tests.test_iteration4_security.TestCollections" name="test_reject_amount_over_limit" time="0.076" /><testcase classname="tests.test_iteration2.TestAdminUsers" name="test_duplicate_id" time="0.174" /><testcase classname="tests.test_iteration4_security.TestCollections" name="test_reject_distributor" time="0.373" /><testcase classname="tests.test_iteration2.TestAdminUsers" name="test_invalid_role" time="0.100" /><testcase classname="tests.test_iteration2.TestAdminUsers" name="test_short_password" time="0.072" /><testcase classname="tests.test_iteration2.TestAdminUsers" name="test_update_name_and_password_reset" time="0.672" /><testcase classname="tests.test_iteration4_security.TestCollections" name="test_reject_cross_salesperson" time="0.745" /><testcase classname="tests.test_iteration4_security.TestCollections" name="test_accept_valid_and_outstanding_decreases" time="0.278" /><testcase classname="tests.test_iteration2.TestAdminUsers" name="test_deactivate_blocks_login" time="0.452" /><testcase classname="tests.test_iteration4_security.TestCollections" name="test_list_collections_distributor_403" time="0.096" /><testcase classname="tests.test_iteration4_security.TestCollections" name="test_list_collections_sp_scoped" time="0.146" /><testcase classname="tests.test_iteration4_security.TestCollections" name="test_list_collections_admin_all" time="0.087" /><testcase classname="tests.test_iteration2.TestAdminUsers" name="test_salesperson_forbidden" time="0.374" /><testcase classname="tests.test_iteration2.TestAttendance" name="test_start_and_get_today" time="0.469" /><testcase classname="tests.test_iteration2.TestExpenses" name="test_create_expense" time="0.092" /><testcase classname="tests.test_iteration2.TestExpenses" name="test_zero_amount_rejected" time="0.077" /><testcase classname="tests.test_iteration2.TestAttendance" name="test_duplicate_start_rejected" time="0.067" /><testcase classname="tests.test_iteration2.TestExpenses" name="test_list_status_filter" time="0.074" /><testcase classname="tests.test_iteration2.TestAttendance" name="test_end_computes_duration" time="0.113" /><testcase classname="tests.test_iteration2.TestExpenses" name="test_salesperson_cannot_review" time="0.126" /><testcase classname="tests.test_iteration2.TestAttendance" name="test_end_again_rejected" time="0.080" /><testcase classname="tests.test_iteration2.TestExpenses" name="test_invalid_status_400" time="0.078" /><testcase classname="tests.test_iteration2.TestAttendance" name="test_admin_sees_all_attendance" time="0.403" /><testcase classname="tests.test_iteration2.TestExpenses" name="test_manager_can_approve" time="0.517" /><testcase classname="tests.test_iteration2.TestAttendance" name="test_salesperson_sees_own_only" time="0.186" /><testcase classname="tests.test_iteration2.TestExpenses" name="test_admin_can_reject" time="0.071" /><testcase classname="tests.test_iteration5_masterdata.TestTargets" name="test_targets_shape" time="0.369" /><testcase classname="tests.test_iteration3.TestAdminTargets" name="test_sp_forbidden" time="0.451" /><testcase classname="tests.test_iteration5_masterdata.TestTargets" name="test_legacy_salesperson_targets_intact" time="0.167" /><testcase classname="tests.test_iteration3.TestAdminTargets" name="test_list_returns_all_salespersons" time="0.374" /><testcase classname="tests.test_iteration3.TestAdminTargets" name="test_upsert_target_and_reflect" time="0.519" /><testcase classname="tests.test_iteration5_masterdata.TestTargets" name="test_performance_regression_emp003" time="0.362" /><testcase classname="tests.test_iteration5_masterdata.TestTargets" name="test_set_distributor_target" time="0.165" /><testcase classname="tests.test_iteration5_masterdata.TestTargets" name="test_set_territory_target" time="0.220" /><testcase classname="tests.test_iteration3.TestAdminTargets" name="test_invalid_period" time="0.142" /><testcase classname="tests.test_iteration5_masterdata.TestTargets" name="test_unknown_territory_404" time="0.073" /><testcase classname="tests.test_iteration2.TestComplaints" name="test_create_requires_valid_retailer" time="0.072" /><testcase classname="tests.test_iteration3.TestAdminTargets" name="test_negative_value" time="0.144" /><testcase classname="tests.test_iteration2.TestComplaints" name="test_create_ok" time="0.225" /><testcase classname="tests.test_iteration3.TestAdminTargets" name="test_unknown_salesperson" time="0.112" /><testcase classname="tests.test_iteration2.TestComplaints" name="test_status_filter" time="0.076" /><testcase classname="tests.test_iteration2.TestAdminProducts" name="test_list" time="0.081" /><testcase classname="tests.test_iteration2.TestComplaints" name="test_sp_forbidden_review" time="0.114" /><testcase classname="tests.test_iteration2.TestAdminProducts" name="test_create" time="0.084" /><testcase classname="tests.test_iteration2.TestAdminProducts" name="test_duplicate_sku" time="0.071" /><testcase classname="tests.test_iteration2.TestComplaints" name="test_in_progress_then_resolved" time="0.147" /><testcase classname="tests.test_iteration2.TestAdminProducts" name="test_update_rate_and_toggle" time="0.363" /><testcase classname="tests.test_iteration5_masterdata.TestRetailerAdmin" name="test_update_and_persistence" time="0.337" /><testcase classname="tests.test_iteration2.TestAdminProducts" name="test_salesperson_forbidden" time="0.111" /><testcase classname="tests.test_iteration5_masterdata.TestRetailerAdmin" name="test_invalid_status" time="0.151" /><testcase classname="tests.test_iteration5_masterdata.TestRetailerAdmin" name="test_duplicate_mobile" time="0.156" /><testcase classname="tests.test_iteration5_masterdata.TestRetailerAdmin" name="test_unknown_id_404" time="0.127" /><testcase classname="tests.test_iteration5_masterdata.TestSchemes" name="test_list_shape" time="0.371" /><testcase classname="tests.test_iteration5_masterdata.TestSchemes" name="test_create_validation" time="0.250" /><testcase classname="tests.test_iteration5_masterdata.TestRetailerAdmin" name="test_salesperson_forbidden" time="0.068" /><testcase classname="tests.backend_test.TestAuth" name="test_login_success" time="0.320" /><testcase classname="tests.backend_test.TestAuth" name="test_login_invalid" time="0.299" /><testcase classname="tests.test_iteration5_masterdata.TestSchemes" name="test_create_and_scheme_calculate" time="0.704" /><testcase classname="tests.test_iteration5_masterdata.TestSchemes" name="test_expired_scheme_not_applied" time="0.476" /><testcase classname="tests.backend_test.TestAuth" name="test_me_with_token" time="0.364" /><testcase classname="tests.backend_test.TestAuth" name="test_me_without_token" time="0.073" /><testcase classname="tests.test_iteration5_masterdata.TestSchemes" name="test_territory_scoped_scheme" time="0.422" /><testcase classname="tests.test_iteration3.TestSchemeClaims" name="test_sp_forbidden" time="0.423" /><testcase classname="tests.test_iteration3.TestAttendanceReport" name="test_sp_forbidden" time="0.080" /><testcase classname="tests.test_iteration3.TestSchemeClaims" name="test_list_enriched" time="0.409" /><testcase classname="tests.test_iteration3.TestAttendanceReport" name="test_default_current_month" time="0.074" /><testcase classname="tests.test_iteration3.TestSchemeClaims" name="test_status_filter" time="0.079" /><testcase classname="tests.test_iteration3.TestAttendanceReport" name="test_explicit_month" time="0.105" /><testcase classname="tests.test_iteration3.TestSchemeClaims" name="test_fulfil_and_double_fulfil" time="0.411" /><testcase classname="tests.test_iteration3.TestAttendanceReport" name="test_bad_month_format" time="0.074" /><testcase classname="tests.test_iteration5_masterdata.TestBrands" name="test_admin_list_brands" time="0.115" /><testcase classname="tests.test_iteration5_masterdata.TestBrands" name="test_salesperson_forbidden" time="0.073" /><testcase classname="tests.test_iteration5_masterdata.TestBrands" name="test_active_brands_endpoint" time="0.120" /><testcase classname="tests.test_iteration4_security.TestLoginAllRoles" name="test_login_role[EMP001-admin@123-super_admin]" time="0.322" /><testcase classname="tests.test_iteration5_masterdata.TestBrands" name="test_create_duplicate_and_rename_cascade" time="0.615" /><testcase classname="tests.test_iteration4_security.TestLoginAllRoles" name="test_login_role[EMP002-manager@123-sales_manager]" time="0.298" /><testcase classname="tests.test_iteration4_security.TestLoginAllRoles" name="test_login_role[EMP003-sales@123-salesperson]" time="0.328" /><testcase classname="tests.test_iteration5_masterdata.TestSettings" name="test_get_settings_any_user" time="0.119" /><testcase classname="tests.test_iteration5_masterdata.TestSettings" name="test_update_and_restore" time="0.238" /><testcase classname="tests.test_iteration4_security.TestLoginAllRoles" name="test_login_role[EMP004-dist@123-distributor]" time="0.311" /><testcase classname="tests.test_iteration5_masterdata.TestSettings" name="test_empty_list_400" time="0.072" /><testcase classname="tests.test_iteration5_masterdata.TestSettings" name="test_salesperson_forbidden_put" time="0.083" /><testcase classname="tests.test_iteration2.TestOfflineIdempotency" name="test_order_same_client_id" time="0.375" /><testcase classname="tests.backend_test.TestRetailers" name="test_list_own_retailers" time="0.197" /><testcase classname="tests.backend_test.TestRetailers" name="test_retailer_detail" time="0.165" /><testcase classname="tests.test_iteration2.TestOfflineIdempotency" name="test_visit_start_same_client_id_and_client_time" time="0.258" /><testcase classname="tests.backend_test.TestRetailers" name="test_create_and_duplicate" time="0.218" /><testcase classname="tests.test_iteration2.TestOfflineIdempotency" name="test_visit_complete_client_time" time="0.324" /><testcase classname="tests.test_iteration3.TestOrderStatus" name="test_invalid_status" time="0.164" /><testcase classname="tests.test_iteration3.TestOrderStatus" name="test_sp_forbidden" time="0.176" /><testcase classname="tests.test_iteration5_masterdata.TestTerritories" name="test_list_has_counts" time="0.085" /><testcase classname="tests.test_iteration3.TestOrderStatus" name="test_flow_submitted_to_dispatched_to_delivered" time="0.280" /><testcase classname="tests.test_iteration5_masterdata.TestTerritories" name="test_salesperson_forbidden" time="0.101" /><testcase classname="tests.test_iteration5_masterdata.TestTerritories" name="test_create_dup_and_rename_cascade" time="0.505" /><testcase classname="tests.backend_test.TestCatalog" name="test_products" time="0.072" /><testcase classname="tests.backend_test.TestCatalog" name="test_brands" time="0.075" /><testcase classname="tests.test_iteration2.TestAdminOverview" name="test_overview_ranges" time="0.324" /><testcase classname="tests.test_iteration2.TestAdminOverview" name="test_salesperson_forbidden" time="0.082" /><testcase classname="tests.test_iteration3.TestPerformance" name="test_shape_and_values" time="0.073" /><testcase classname="tests.backend_test.TestRoleIsolation" name="test_emp003_cannot_see_emp005_retailers" time="0.900" /><testcase classname="tests.test_iteration3.TestPerformance" name="test_reflects_new_monthly_target" time="0.754" /><testcase classname="tests.backend_test.TestRoleIsolation" name="test_order_isolation" time="0.363" /><testcase classname="tests.test_iteration3.TestDistributor" name="test_sp_forbidden" time="0.078" /><testcase classname="tests.test_iteration4_security.TestOrderBOLA" name="test_emp3_can_fetch_own_order" time="0.712" /><testcase classname="tests.test_iteration3.TestDistributor" name="test_dashboard_counts" time="0.364" /><testcase classname="tests.test_iteration5_masterdata.TestBeats" name="test_list_has_enrichment" time="0.074" /><testcase classname="tests.test_iteration5_masterdata.TestBeats" name="test_create_dup_and_invalid_day" time="0.563" /><testcase classname="tests.test_iteration5_masterdata.TestUsersExtended" name="test_create_salesperson_with_manager" time="0.406" /><testcase classname="tests.test_iteration5_masterdata.TestUsersExtended" name="test_update_distributor_assigned_salespersons" time="0.235" /><testcase classname="tests.test_iteration4_security.TestOrderBOLA" name="test_emp3_cannot_fetch_emp5_order" time="1.680" /><testcase classname="tests.backend_test.TestDashboard" name="test_salesperson_dashboard" time="0.075" /><testcase classname="tests.backend_test.TestSchemes" name="test_dhamal_scheme" time="0.180" /><testcase classname="tests.backend_test.TestVisits" name="test_start_and_complete" time="0.225" /><testcase classname="tests.test_iteration4_security.TestRetailerSearch" name="test_retailer_search_regex_escape" time="0.072" /><testcase classname="tests.backend_test.TestOrders" name="test_create_order_with_scheme" time="0.380" /><testcase classname="tests.test_iteration4_security.TestRetailerSearch" name="test_retailer_search_special_chars_no_500" time="0.256" /><testcase classname="tests.test_iteration4_security.TestFileDownload" name="test_owner_can_download_other_salesperson_403_admin_ok" time="1.225" /><testcase classname="tests.backend_test.TestCollections" name="test_collection_reduces_outstanding" time="0.411" /><testcase classname="tests.test_iteration4_security.TestSeedRemoved" name="test_seed_endpoint_404" time="0.074" /><testcase classname="tests.test_iteration4_security.TestZZZBruteForce" name="test_5_fails_then_429" time="1.573" /><testcase classname="tests.test_iteration5_masterdata.TestProductsExtended" name="test_update_gst_and_image" time="0.243" /></testsuite></testsuites>